2025-01-20 09:01:34,323 - FlaskAppLogger - ERROR - Failed to download SharePoint file: ClientContext.with_credentials() takes 2 positional arguments but 3 were given
2025-01-20 09:01:34,323 - FlaskAppLogger - ERROR - Error generating image for 'Morning': Unable to download Excel file from SharePoint.
2025-01-20 09:01:34,323 - FlaskAppLogger - ERROR - Failed to generate image for page 'Morning': Unable to download Excel file from SharePoint.
2025-01-20 09:01:34,323 - FlaskAppLogger - ERROR - Failed to download SharePoint file: ClientContext.with_credentials() takes 2 positional arguments but 3 were given
2025-01-20 09:01:34,323 - FlaskAppLogger - ERROR - Error generating image for 'Evening': Unable to download Excel file from SharePoint.
2025-01-20 09:01:34,323 - FlaskAppLogger - ERROR - Failed to generate image for page 'Evening': Unable to download Excel file from SharePoint.
2025-01-20 09:01:34,323 - FlaskAppLogger - ERROR - Failed to download SharePoint file: ClientContext.with_credentials() takes 2 positional arguments but 3 were given
2025-01-20 09:01:34,323 - FlaskAppLogger - ERROR - Error generating image for 'Night': Unable to download Excel file from SharePoint.
2025-01-20 09:01:34,323 - FlaskAppLogger - ERROR - Failed to generate image for page 'Night': Unable to download Excel file from SharePoint.
2025-01-20 09:01:34,323 - FlaskAppLogger - ERROR - Failed to download SharePoint file: ClientContext.with_credentials() takes 2 positional arguments but 3 were given
2025-01-20 09:01:34,323 - FlaskAppLogger - ERROR - Error generating image for 'Friday': Unable to download Excel file from SharePoint.
2025-01-20 09:01:34,324 - FlaskAppLogger - ERROR - Failed to generate image for page 'Friday': Unable to download Excel file from SharePoint.
2025-01-20 09:03:43,633 - FlaskAppLogger - ERROR - Failed to download SharePoint file: 'NoneType' object has no attribute 'endswith'
2025-01-20 09:03:43,633 - FlaskAppLogger - ERROR - Error generating image for 'Morning': Unable to download Excel file from SharePoint.
2025-01-20 09:03:43,633 - FlaskAppLogger - ERROR - Failed to generate image for page 'Morning': Unable to download Excel file from SharePoint.
2025-01-20 09:03:43,634 - FlaskAppLogger - ERROR - Failed to download SharePoint file: 'NoneType' object has no attribute 'endswith'
2025-01-20 09:03:43,634 - FlaskAppLogger - ERROR - Error generating image for 'Evening': Unable to download Excel file from SharePoint.
2025-01-20 09:03:43,634 - FlaskAppLogger - ERROR - Failed to generate image for page 'Evening': Unable to download Excel file from SharePoint.
2025-01-20 09:03:43,634 - FlaskAppLogger - ERROR - Failed to download SharePoint file: 'NoneType' object has no attribute 'endswith'
2025-01-20 09:03:43,634 - FlaskAppLogger - ERROR - Error generating image for 'Night': Unable to download Excel file from SharePoint.
2025-01-20 09:03:43,634 - FlaskAppLogger - ERROR - Failed to generate image for page 'Night': Unable to download Excel file from SharePoint.
2025-01-20 09:03:43,634 - FlaskAppLogger - ERROR - Failed to download SharePoint file: 'NoneType' object has no attribute 'endswith'
2025-01-20 09:03:43,635 - FlaskAppLogger - ERROR - Error generating image for 'Friday': Unable to download Excel file from SharePoint.
2025-01-20 09:03:43,635 - FlaskAppLogger - ERROR - Failed to generate image for page 'Friday': Unable to download Excel file from SharePoint.
2025-01-20 09:06:42,359 - FlaskAppLogger - ERROR - Failed to download SharePoint file: ClientContext.with_credentials() takes 2 positional arguments but 3 were given
2025-01-20 09:06:42,359 - FlaskAppLogger - ERROR - Error generating image for 'Morning': Unable to download Excel file from SharePoint.
2025-01-20 09:06:42,359 - FlaskAppLogger - ERROR - Failed to generate image for page 'Morning': Unable to download Excel file from SharePoint.
2025-01-20 09:06:42,360 - FlaskAppLogger - ERROR - Failed to download SharePoint file: ClientContext.with_credentials() takes 2 positional arguments but 3 were given
2025-01-20 09:06:42,360 - FlaskAppLogger - ERROR - Error generating image for 'Evening': Unable to download Excel file from SharePoint.
2025-01-20 09:06:42,360 - FlaskAppLogger - ERROR - Failed to generate image for page 'Evening': Unable to download Excel file from SharePoint.
2025-01-20 09:06:42,360 - FlaskAppLogger - ERROR - Failed to download SharePoint file: ClientContext.with_credentials() takes 2 positional arguments but 3 were given
2025-01-20 09:06:42,360 - FlaskAppLogger - ERROR - Error generating image for 'Night': Unable to download Excel file from SharePoint.
2025-01-20 09:06:42,360 - FlaskAppLogger - ERROR - Failed to generate image for page 'Night': Unable to download Excel file from SharePoint.
2025-01-20 09:06:42,360 - FlaskAppLogger - ERROR - Failed to download SharePoint file: ClientContext.with_credentials() takes 2 positional arguments but 3 were given
2025-01-20 09:06:42,360 - FlaskAppLogger - ERROR - Error generating image for 'Friday': Unable to download Excel file from SharePoint.
2025-01-20 09:06:42,361 - FlaskAppLogger - ERROR - Failed to generate image for page 'Friday': Unable to download Excel file from SharePoint.
2025-01-20 09:06:49,527 - FlaskAppLogger - ERROR - Failed to download SharePoint file: ClientContext.with_credentials() takes 2 positional arguments but 3 were given
2025-01-20 09:06:49,527 - FlaskAppLogger - ERROR - Error generating image for 'Morning': Unable to download Excel file from SharePoint.
2025-01-20 09:06:49,527 - FlaskAppLogger - ERROR - Failed to generate image for page 'Morning': Unable to download Excel file from SharePoint.
2025-01-20 09:06:49,528 - FlaskAppLogger - ERROR - Failed to download SharePoint file: ClientContext.with_credentials() takes 2 positional arguments but 3 were given
2025-01-20 09:06:49,528 - FlaskAppLogger - ERROR - Error generating image for 'Evening': Unable to download Excel file from SharePoint.
2025-01-20 09:06:49,528 - FlaskAppLogger - ERROR - Failed to generate image for page 'Evening': Unable to download Excel file from SharePoint.
2025-01-20 09:06:49,528 - FlaskAppLogger - ERROR - Failed to download SharePoint file: ClientContext.with_credentials() takes 2 positional arguments but 3 were given
2025-01-20 09:06:49,528 - FlaskAppLogger - ERROR - Error generating image for 'Night': Unable to download Excel file from SharePoint.
2025-01-20 09:06:49,529 - FlaskAppLogger - ERROR - Failed to generate image for page 'Night': Unable to download Excel file from SharePoint.
2025-01-20 09:06:49,529 - FlaskAppLogger - ERROR - Failed to download SharePoint file: ClientContext.with_credentials() takes 2 positional arguments but 3 were given
2025-01-20 09:06:49,529 - FlaskAppLogger - ERROR - Error generating image for 'Friday': Unable to download Excel file from SharePoint.
2025-01-20 09:06:49,529 - FlaskAppLogger - ERROR - Failed to generate image for page 'Friday': Unable to download Excel file from SharePoint.
2025-01-20 09:11:59,139 - FlaskAppLogger - ERROR - Failed to download SharePoint file: ClientContext.with_credentials() takes 2 positional arguments but 3 were given
2025-01-20 09:11:59,139 - FlaskAppLogger - ERROR - Error generating image for 'Morning': Unable to download Excel file from SharePoint.
2025-01-20 09:11:59,139 - FlaskAppLogger - ERROR - Failed to generate image for page 'Morning': Unable to download Excel file from SharePoint.
2025-01-20 09:11:59,139 - FlaskAppLogger - ERROR - Failed to download SharePoint file: ClientContext.with_credentials() takes 2 positional arguments but 3 were given
2025-01-20 09:11:59,139 - FlaskAppLogger - ERROR - Error generating image for 'Evening': Unable to download Excel file from SharePoint.
2025-01-20 09:11:59,139 - FlaskAppLogger - ERROR - Failed to generate image for page 'Evening': Unable to download Excel file from SharePoint.
2025-01-20 09:11:59,140 - FlaskAppLogger - ERROR - Failed to download SharePoint file: ClientContext.with_credentials() takes 2 positional arguments but 3 were given
2025-01-20 09:11:59,140 - FlaskAppLogger - ERROR - Error generating image for 'Night': Unable to download Excel file from SharePoint.
2025-01-20 09:11:59,140 - FlaskAppLogger - ERROR - Failed to generate image for page 'Night': Unable to download Excel file from SharePoint.
2025-01-20 09:11:59,140 - FlaskAppLogger - ERROR - Failed to download SharePoint file: ClientContext.with_credentials() takes 2 positional arguments but 3 were given
2025-01-20 09:11:59,140 - FlaskAppLogger - ERROR - Error generating image for 'Friday': Unable to download Excel file from SharePoint.
2025-01-20 09:11:59,140 - FlaskAppLogger - ERROR - Failed to generate image for page 'Friday': Unable to download Excel file from SharePoint.
2025-01-20 09:15:22,963 - FlaskAppLogger - ERROR - Failed to download SharePoint file: ClientContext.with_credentials() takes 2 positional arguments but 3 were given
2025-01-20 09:15:22,963 - FlaskAppLogger - ERROR - Error generating image for 'Morning': Unable to download Excel file from SharePoint.
2025-01-20 09:15:22,964 - FlaskAppLogger - ERROR - Failed to generate image for page 'Morning': Unable to download Excel file from SharePoint.
2025-01-20 09:15:22,964 - FlaskAppLogger - ERROR - Failed to download SharePoint file: ClientContext.with_credentials() takes 2 positional arguments but 3 were given
2025-01-20 09:15:22,964 - FlaskAppLogger - ERROR - Error generating image for 'Evening': Unable to download Excel file from SharePoint.
2025-01-20 09:15:22,964 - FlaskAppLogger - ERROR - Failed to generate image for page 'Evening': Unable to download Excel file from SharePoint.
2025-01-20 09:15:22,964 - FlaskAppLogger - ERROR - Failed to download SharePoint file: ClientContext.with_credentials() takes 2 positional arguments but 3 were given
2025-01-20 09:15:22,964 - FlaskAppLogger - ERROR - Error generating image for 'Night': Unable to download Excel file from SharePoint.
2025-01-20 09:15:22,964 - FlaskAppLogger - ERROR - Failed to generate image for page 'Night': Unable to download Excel file from SharePoint.
2025-01-20 09:15:22,964 - FlaskAppLogger - ERROR - Failed to download SharePoint file: ClientContext.with_credentials() takes 2 positional arguments but 3 were given
2025-01-20 09:15:22,964 - FlaskAppLogger - ERROR - Error generating image for 'Friday': Unable to download Excel file from SharePoint.
2025-01-20 09:15:22,964 - FlaskAppLogger - ERROR - Failed to generate image for page 'Friday': Unable to download Excel file from SharePoint.
2025-01-20 09:15:23,989 - FlaskAppLogger - ERROR - Failed to download SharePoint file: ClientContext.with_credentials() takes 2 positional arguments but 3 were given
2025-01-20 09:15:23,989 - FlaskAppLogger - ERROR - Error generating image for 'Morning': Unable to download Excel file from SharePoint.
2025-01-20 09:15:23,990 - FlaskAppLogger - ERROR - Failed to generate image for page 'Morning': Unable to download Excel file from SharePoint.
2025-01-20 09:15:23,990 - FlaskAppLogger - ERROR - Failed to download SharePoint file: ClientContext.with_credentials() takes 2 positional arguments but 3 were given
2025-01-20 09:15:23,990 - FlaskAppLogger - ERROR - Error generating image for 'Evening': Unable to download Excel file from SharePoint.
2025-01-20 09:15:23,990 - FlaskAppLogger - ERROR - Failed to generate image for page 'Evening': Unable to download Excel file from SharePoint.
2025-01-20 09:15:23,991 - FlaskAppLogger - ERROR - Failed to download SharePoint file: ClientContext.with_credentials() takes 2 positional arguments but 3 were given
2025-01-20 09:15:23,991 - FlaskAppLogger - ERROR - Error generating image for 'Night': Unable to download Excel file from SharePoint.
2025-01-20 09:15:23,991 - FlaskAppLogger - ERROR - Failed to generate image for page 'Night': Unable to download Excel file from SharePoint.
2025-01-20 09:15:23,991 - FlaskAppLogger - ERROR - Failed to download SharePoint file: ClientContext.with_credentials() takes 2 positional arguments but 3 were given
2025-01-20 09:15:23,991 - FlaskAppLogger - ERROR - Error generating image for 'Friday': Unable to download Excel file from SharePoint.
2025-01-20 09:15:23,992 - FlaskAppLogger - ERROR - Failed to generate image for page 'Friday': Unable to download Excel file from SharePoint.
2025-01-20 09:17:22,552 - FlaskAppLogger - ERROR - Failed to download SharePoint file: ClientContext.with_credentials() takes 2 positional arguments but 3 were given
2025-01-20 09:17:22,553 - FlaskAppLogger - ERROR - Error generating image for 'Morning': Unable to download Excel file from SharePoint.
2025-01-20 09:17:22,553 - FlaskAppLogger - ERROR - Failed to generate image for page 'Morning': Unable to download Excel file from SharePoint.
2025-01-20 09:17:22,553 - FlaskAppLogger - ERROR - Failed to download SharePoint file: ClientContext.with_credentials() takes 2 positional arguments but 3 were given
2025-01-20 09:17:22,553 - FlaskAppLogger - ERROR - Error generating image for 'Evening': Unable to download Excel file from SharePoint.
2025-01-20 09:17:22,553 - FlaskAppLogger - ERROR - Failed to generate image for page 'Evening': Unable to download Excel file from SharePoint.
2025-01-20 09:17:22,553 - FlaskAppLogger - ERROR - Failed to download SharePoint file: ClientContext.with_credentials() takes 2 positional arguments but 3 were given
2025-01-20 09:17:22,553 - FlaskAppLogger - ERROR - Error generating image for 'Night': Unable to download Excel file from SharePoint.
2025-01-20 09:17:22,554 - FlaskAppLogger - ERROR - Failed to generate image for page 'Night': Unable to download Excel file from SharePoint.
2025-01-20 09:17:22,554 - FlaskAppLogger - ERROR - Failed to download SharePoint file: ClientContext.with_credentials() takes 2 positional arguments but 3 were given
2025-01-20 09:17:22,554 - FlaskAppLogger - ERROR - Error generating image for 'Friday': Unable to download Excel file from SharePoint.
2025-01-20 09:17:22,554 - FlaskAppLogger - ERROR - Failed to generate image for page 'Friday': Unable to download Excel file from SharePoint.
2025-01-20 09:17:23,473 - FlaskAppLogger - ERROR - Failed to download SharePoint file: ClientContext.with_credentials() takes 2 positional arguments but 3 were given
2025-01-20 09:17:23,473 - FlaskAppLogger - ERROR - Error generating image for 'Morning': Unable to download Excel file from SharePoint.
2025-01-20 09:17:23,473 - FlaskAppLogger - ERROR - Failed to generate image for page 'Morning': Unable to download Excel file from SharePoint.
2025-01-20 09:17:23,474 - FlaskAppLogger - ERROR - Failed to download SharePoint file: ClientContext.with_credentials() takes 2 positional arguments but 3 were given
2025-01-20 09:17:23,474 - FlaskAppLogger - ERROR - Error generating image for 'Evening': Unable to download Excel file from SharePoint.
2025-01-20 09:17:23,474 - FlaskAppLogger - ERROR - Failed to generate image for page 'Evening': Unable to download Excel file from SharePoint.
2025-01-20 09:17:23,474 - FlaskAppLogger - ERROR - Failed to download SharePoint file: ClientContext.with_credentials() takes 2 positional arguments but 3 were given
2025-01-20 09:17:23,474 - FlaskAppLogger - ERROR - Error generating image for 'Night': Unable to download Excel file from SharePoint.
2025-01-20 09:17:23,474 - FlaskAppLogger - ERROR - Failed to generate image for page 'Night': Unable to download Excel file from SharePoint.
2025-01-20 09:17:23,474 - FlaskAppLogger - ERROR - Failed to download SharePoint file: ClientContext.with_credentials() takes 2 positional arguments but 3 were given
2025-01-20 09:17:23,474 - FlaskAppLogger - ERROR - Error generating image for 'Friday': Unable to download Excel file from SharePoint.
2025-01-20 09:17:23,474 - FlaskAppLogger - ERROR - Failed to generate image for page 'Friday': Unable to download Excel file from SharePoint.
2025-01-20 09:17:24,305 - FlaskAppLogger - ERROR - Failed to download SharePoint file: ClientContext.with_credentials() takes 2 positional arguments but 3 were given
2025-01-20 09:17:24,306 - FlaskAppLogger - ERROR - Error generating image for 'Morning': Unable to download Excel file from SharePoint.
2025-01-20 09:17:24,306 - FlaskAppLogger - ERROR - Failed to generate image for page 'Morning': Unable to download Excel file from SharePoint.
2025-01-20 09:17:24,306 - FlaskAppLogger - ERROR - Failed to download SharePoint file: ClientContext.with_credentials() takes 2 positional arguments but 3 were given
2025-01-20 09:17:24,306 - FlaskAppLogger - ERROR - Error generating image for 'Evening': Unable to download Excel file from SharePoint.
2025-01-20 09:17:24,306 - FlaskAppLogger - ERROR - Failed to generate image for page 'Evening': Unable to download Excel file from SharePoint.
2025-01-20 09:17:24,307 - FlaskAppLogger - ERROR - Failed to download SharePoint file: ClientContext.with_credentials() takes 2 positional arguments but 3 were given
2025-01-20 09:17:24,307 - FlaskAppLogger - ERROR - Error generating image for 'Night': Unable to download Excel file from SharePoint.
2025-01-20 09:17:24,307 - FlaskAppLogger - ERROR - Failed to generate image for page 'Night': Unable to download Excel file from SharePoint.
2025-01-20 09:17:24,307 - FlaskAppLogger - ERROR - Failed to download SharePoint file: ClientContext.with_credentials() takes 2 positional arguments but 3 were given
2025-01-20 09:17:24,309 - FlaskAppLogger - ERROR - Error generating image for 'Friday': Unable to download Excel file from SharePoint.
2025-01-20 09:17:24,309 - FlaskAppLogger - ERROR - Failed to generate image for page 'Friday': Unable to download Excel file from SharePoint.
